Started GET "/" for 127.0.0.1 at 2018-11-26 10:47:50 -0800
  
ActiveRecord::PendingMigrationError (

Migrations are pending. To resolve this issue, run:

        bin/rails db:migrate RAILS_ENV=development

):
  
activerecord (5.2.1) lib/active_record/migration.rb:579:in `check_pending!'
activerecord (5.2.1) lib/active_record/migration.rb:556:in `call'
actionpack (5.2.1) lib/action_dispatch/middleware/callbacks.rb:28:in `block in call'
activesupport (5.2.1) lib/active_support/callbacks.rb:98:in `run_callbacks'
actionpack (5.2.1) lib/action_dispatch/middleware/callbacks.rb:26:in `call'
actionpack (5.2.1) lib/action_dispatch/middleware/executor.rb:14:in `call'
actionpack (5.2.1) lib/action_dispatch/middleware/debug_exceptions.rb:61:in `call'
actionpack (5.2.1) lib/action_dispatch/middleware/show_exceptions.rb:33:in `call'
railties (5.2.1) lib/rails/rack/logger.rb:38:in `call_app'
railties (5.2.1) lib/rails/rack/logger.rb:26:in `block in call'
activesupport (5.2.1) lib/active_support/tagged_logging.rb:71:in `block in tagged'
activesupport (5.2.1) lib/active_support/tagged_logging.rb:28:in `tagged'
activesupport (5.2.1) lib/active_support/tagged_logging.rb:71:in `tagged'
railties (5.2.1) lib/rails/rack/logger.rb:26:in `call'
actionpack (5.2.1) lib/action_dispatch/middleware/remote_ip.rb:81:in `call'
actionpack (5.2.1) lib/action_dispatch/middleware/request_id.rb:27:in `call'
rack (2.0.6) lib/rack/runtime.rb:22:in `call'
activesupport (5.2.1) lib/active_support/cache/strategy/local_cache_middleware.rb:29:in `call'
actionpack (5.2.1) lib/action_dispatch/middleware/executor.rb:14:in `call'
actionpack (5.2.1) lib/action_dispatch/middleware/static.rb:127:in `call'
rack (2.0.6) lib/rack/sendfile.rb:111:in `call'
rack-cors (1.0.2) lib/rack/cors.rb:97:in `call'
railties (5.2.1) lib/rails/engine.rb:524:in `call'
puma (3.12.0) lib/puma/configuration.rb:225:in `call'
puma (3.12.0) lib/puma/server.rb:658:in `handle_request'
puma (3.12.0) lib/puma/server.rb:472:in `process_client'
puma (3.12.0) lib/puma/server.rb:332:in `block in run'
puma (3.12.0) lib/puma/thread_pool.rb:133:in `block in spawn_thread'
Started GET "/favicon.ico" for 127.0.0.1 at 2018-11-26 10:47:50 -0800
  
ActiveRecord::PendingMigrationError (

Migrations are pending. To resolve this issue, run:

        bin/rails db:migrate RAILS_ENV=development

):
  
activerecord (5.2.1) lib/active_record/migration.rb:579:in `check_pending!'
activerecord (5.2.1) lib/active_record/migration.rb:556:in `call'
actionpack (5.2.1) lib/action_dispatch/middleware/callbacks.rb:28:in `block in call'
activesupport (5.2.1) lib/active_support/callbacks.rb:98:in `run_callbacks'
actionpack (5.2.1) lib/action_dispatch/middleware/callbacks.rb:26:in `call'
actionpack (5.2.1) lib/action_dispatch/middleware/executor.rb:14:in `call'
actionpack (5.2.1) lib/action_dispatch/middleware/debug_exceptions.rb:61:in `call'
actionpack (5.2.1) lib/action_dispatch/middleware/show_exceptions.rb:33:in `call'
railties (5.2.1) lib/rails/rack/logger.rb:38:in `call_app'
railties (5.2.1) lib/rails/rack/logger.rb:26:in `block in call'
activesupport (5.2.1) lib/active_support/tagged_logging.rb:71:in `block in tagged'
activesupport (5.2.1) lib/active_support/tagged_logging.rb:28:in `tagged'
activesupport (5.2.1) lib/active_support/tagged_logging.rb:71:in `tagged'
railties (5.2.1) lib/rails/rack/logger.rb:26:in `call'
actionpack (5.2.1) lib/action_dispatch/middleware/remote_ip.rb:81:in `call'
actionpack (5.2.1) lib/action_dispatch/middleware/request_id.rb:27:in `call'
rack (2.0.6) lib/rack/runtime.rb:22:in `call'
activesupport (5.2.1) lib/active_support/cache/strategy/local_cache_middleware.rb:29:in `call'
actionpack (5.2.1) lib/action_dispatch/middleware/executor.rb:14:in `call'
actionpack (5.2.1) lib/action_dispatch/middleware/static.rb:127:in `call'
rack (2.0.6) lib/rack/sendfile.rb:111:in `call'
rack-cors (1.0.2) lib/rack/cors.rb:97:in `call'
railties (5.2.1) lib/rails/engine.rb:524:in `call'
puma (3.12.0) lib/puma/configuration.rb:225:in `call'
puma (3.12.0) lib/puma/server.rb:658:in `handle_request'
puma (3.12.0) lib/puma/server.rb:472:in `process_client'
puma (3.12.0) lib/puma/server.rb:332:in `block in run'
puma (3.12.0) lib/puma/thread_pool.rb:133:in `block in spawn_thread'
Started GET "/apple-touch-icon-precomposed.png" for 127.0.0.1 at 2018-11-26 10:47:50 -0800
  
ActiveRecord::PendingMigrationError (

Migrations are pending. To resolve this issue, run:

        bin/rails db:migrate RAILS_ENV=development

):
  
activerecord (5.2.1) lib/active_record/migration.rb:579:in `check_pending!'
activerecord (5.2.1) lib/active_record/migration.rb:556:in `call'
actionpack (5.2.1) lib/action_dispatch/middleware/callbacks.rb:28:in `block in call'
activesupport (5.2.1) lib/active_support/callbacks.rb:98:in `run_callbacks'
actionpack (5.2.1) lib/action_dispatch/middleware/callbacks.rb:26:in `call'
actionpack (5.2.1) lib/action_dispatch/middleware/executor.rb:14:in `call'
actionpack (5.2.1) lib/action_dispatch/middleware/debug_exceptions.rb:61:in `call'
actionpack (5.2.1) lib/action_dispatch/middleware/show_exceptions.rb:33:in `call'
railties (5.2.1) lib/rails/rack/logger.rb:38:in `call_app'
railties (5.2.1) lib/rails/rack/logger.rb:26:in `block in call'
activesupport (5.2.1) lib/active_support/tagged_logging.rb:71:in `block in tagged'
activesupport (5.2.1) lib/active_support/tagged_logging.rb:28:in `tagged'
activesupport (5.2.1) lib/active_support/tagged_logging.rb:71:in `tagged'
railties (5.2.1) lib/rails/rack/logger.rb:26:in `call'
actionpack (5.2.1) lib/action_dispatch/middleware/remote_ip.rb:81:in `call'
actionpack (5.2.1) lib/action_dispatch/middleware/request_id.rb:27:in `call'
rack (2.0.6) lib/rack/runtime.rb:22:in `call'
activesupport (5.2.1) lib/active_support/cache/strategy/local_cache_middleware.rb:29:in `call'
actionpack (5.2.1) lib/action_dispatch/middleware/executor.rb:14:in `call'
actionpack (5.2.1) lib/action_dispatch/middleware/static.rb:127:in `call'
rack (2.0.6) lib/rack/sendfile.rb:111:in `call'
rack-cors (1.0.2) lib/rack/cors.rb:97:in `call'
railties (5.2.1) lib/rails/engine.rb:524:in `call'
puma (3.12.0) lib/puma/configuration.rb:225:in `call'
puma (3.12.0) lib/puma/server.rb:658:in `handle_request'
puma (3.12.0) lib/puma/server.rb:472:in `process_client'
puma (3.12.0) lib/puma/server.rb:332:in `block in run'
puma (3.12.0) lib/puma/thread_pool.rb:133:in `block in spawn_thread'
Started GET "/apple-touch-icon.png" for 127.0.0.1 at 2018-11-26 10:47:50 -0800
  
ActiveRecord::PendingMigrationError (

Migrations are pending. To resolve this issue, run:

        bin/rails db:migrate RAILS_ENV=development

):
  
activerecord (5.2.1) lib/active_record/migration.rb:579:in `check_pending!'
activerecord (5.2.1) lib/active_record/migration.rb:556:in `call'
actionpack (5.2.1) lib/action_dispatch/middleware/callbacks.rb:28:in `block in call'
activesupport (5.2.1) lib/active_support/callbacks.rb:98:in `run_callbacks'
actionpack (5.2.1) lib/action_dispatch/middleware/callbacks.rb:26:in `call'
actionpack (5.2.1) lib/action_dispatch/middleware/executor.rb:14:in `call'
actionpack (5.2.1) lib/action_dispatch/middleware/debug_exceptions.rb:61:in `call'
actionpack (5.2.1) lib/action_dispatch/middleware/show_exceptions.rb:33:in `call'
railties (5.2.1) lib/rails/rack/logger.rb:38:in `call_app'
railties (5.2.1) lib/rails/rack/logger.rb:26:in `block in call'
activesupport (5.2.1) lib/active_support/tagged_logging.rb:71:in `block in tagged'
activesupport (5.2.1) lib/active_support/tagged_logging.rb:28:in `tagged'
activesupport (5.2.1) lib/active_support/tagged_logging.rb:71:in `tagged'
railties (5.2.1) lib/rails/rack/logger.rb:26:in `call'
actionpack (5.2.1) lib/action_dispatch/middleware/remote_ip.rb:81:in `call'
actionpack (5.2.1) lib/action_dispatch/middleware/request_id.rb:27:in `call'
rack (2.0.6) lib/rack/runtime.rb:22:in `call'
activesupport (5.2.1) lib/active_support/cache/strategy/local_cache_middleware.rb:29:in `call'
actionpack (5.2.1) lib/action_dispatch/middleware/executor.rb:14:in `call'
actionpack (5.2.1) lib/action_dispatch/middleware/static.rb:127:in `call'
rack (2.0.6) lib/rack/sendfile.rb:111:in `call'
rack-cors (1.0.2) lib/rack/cors.rb:97:in `call'
railties (5.2.1) lib/rails/engine.rb:524:in `call'
puma (3.12.0) lib/puma/configuration.rb:225:in `call'
puma (3.12.0) lib/puma/server.rb:658:in `handle_request'
puma (3.12.0) lib/puma/server.rb:472:in `process_client'
puma (3.12.0) lib/puma/server.rb:332:in `block in run'
puma (3.12.0) lib/puma/thread_pool.rb:133:in `block in spawn_thread'
  [1m[35m (0.1ms)[0m  [1m[34mSELECT sqlite_version(*)[0m
  ↳ /Users/learn/.rvm/gems/ruby-2.5.1/gems/rake-12.3.1/lib/rake/task.rb:271
  [1m[35m (1.1ms)[0m  [1m[35mCREATE TABLE "schema_migrations" ("version" varchar NOT NULL PRIMARY KEY)[0m
  ↳ /Users/learn/.rvm/gems/ruby-2.5.1/gems/rake-12.3.1/lib/rake/task.rb:271
  [1m[35m (1.7ms)[0m  [1m[35mCREATE TABLE "ar_internal_metadata" ("key" varchar NOT NULL PRIMARY KEY, "value" varchar, "created_at" datetime NOT NULL, "updated_at" datetime NOT NULL)[0m
  ↳ /Users/learn/.rvm/gems/ruby-2.5.1/gems/rake-12.3.1/lib/rake/task.rb:271
  [1m[35m (0.3ms)[0m  [1m[34mSELECT "schema_migrations"."version" FROM "schema_migrations" ORDER BY "schema_migrations"."version" ASC[0m
  ↳ /Users/learn/.rvm/gems/ruby-2.5.1/gems/rake-12.3.1/lib/rake/task.rb:271
Migrating to DeviseCreateUsers (20180911165552)
  [1m[35m (0.1ms)[0m  [1m[36mbegin transaction[0m
  ↳ /Users/learn/.rvm/gems/ruby-2.5.1/gems/rake-12.3.1/lib/rake/task.rb:271
  [1m[35m (0.7ms)[0m  [1m[35mCREATE TABLE "users" ("id" integer PRIMARY KEY AUTOINCREMENT NOT NULL, "email" varchar DEFAULT '' NOT NULL, "encrypted_password" varchar DEFAULT '' NOT NULL, "reset_password_token" varchar, "reset_password_sent_at" datetime, "remember_created_at" datetime, "created_at" datetime NOT NULL, "updated_at" datetime NOT NULL)[0m
  ↳ db/migrate/20180911165552_devise_create_users.rb:5
  [1m[35m (0.2ms)[0m  [1m[35mCREATE UNIQUE INDEX "index_users_on_email" ON "users" ("email")[0m
  ↳ db/migrate/20180911165552_devise_create_users.rb:39
  [1m[35m (0.2ms)[0m  [1m[35mCREATE UNIQUE INDEX "index_users_on_reset_password_token" ON "users" ("reset_password_token")[0m
  ↳ db/migrate/20180911165552_devise_create_users.rb:40
  [1m[36mActiveRecord::SchemaMigration Create (0.2ms)[0m  [1m[32mINSERT INTO "schema_migrations" ("version") VALUES (?)[0m  [["version", "20180911165552"]]
  ↳ /Users/learn/.rvm/gems/ruby-2.5.1/gems/rake-12.3.1/lib/rake/task.rb:271
  [1m[35m (1.3ms)[0m  [1m[36mcommit transaction[0m
  ↳ /Users/learn/.rvm/gems/ruby-2.5.1/gems/rake-12.3.1/lib/rake/task.rb:271
Migrating to AddJtiMatcherToUsers (20180911170120)
  [1m[35m (0.1ms)[0m  [1m[36mbegin transaction[0m
  ↳ /Users/learn/.rvm/gems/ruby-2.5.1/gems/rake-12.3.1/lib/rake/task.rb:271
  [1m[35m (0.6ms)[0m  [1m[35mALTER TABLE "users" ADD "jti" varchar[0m
  ↳ db/migrate/20180911170120_add_jti_matcher_to_users.rb:3
  [1m[35m (0.2ms)[0m  [1m[35mCREATE UNIQUE INDEX "index_users_on_jti" ON "users" ("jti")[0m
  ↳ db/migrate/20180911170120_add_jti_matcher_to_users.rb:4
  [1m[36mActiveRecord::SchemaMigration Create (0.2ms)[0m  [1m[32mINSERT INTO "schema_migrations" ("version") VALUES (?)[0m  [["version", "20180911170120"]]
  ↳ /Users/learn/.rvm/gems/ruby-2.5.1/gems/rake-12.3.1/lib/rake/task.rb:271
  [1m[35m (0.9ms)[0m  [1m[36mcommit transaction[0m
  ↳ /Users/learn/.rvm/gems/ruby-2.5.1/gems/rake-12.3.1/lib/rake/task.rb:271
  [1m[36mActiveRecord::InternalMetadata Load (0.3ms)[0m  [1m[34mSELECT  "ar_internal_metadata".* FROM "ar_internal_metadata" WHERE "ar_internal_metadata"."key" = ? LIMIT ?[0m  [["key", "environment"], ["LIMIT", 1]]
  ↳ /Users/learn/.rvm/gems/ruby-2.5.1/gems/rake-12.3.1/lib/rake/task.rb:271
  [1m[35m (0.1ms)[0m  [1m[36mbegin transaction[0m
  ↳ /Users/learn/.rvm/gems/ruby-2.5.1/gems/rake-12.3.1/lib/rake/task.rb:271
  [1m[36mActiveRecord::InternalMetadata Create (0.3ms)[0m  [1m[32mINSERT INTO "ar_internal_metadata" ("key", "value", "created_at", "updated_at") VALUES (?, ?, ?, ?)[0m  [["key", "environment"], ["value", "development"], ["created_at", "2018-11-26 18:48:11.903424"], ["updated_at", "2018-11-26 18:48:11.903424"]]
  ↳ /Users/learn/.rvm/gems/ruby-2.5.1/gems/rake-12.3.1/lib/rake/task.rb:271
  [1m[35m (1.4ms)[0m  [1m[36mcommit transaction[0m
  ↳ /Users/learn/.rvm/gems/ruby-2.5.1/gems/rake-12.3.1/lib/rake/task.rb:271
  [1m[35m (0.1ms)[0m  [1m[34mSELECT "schema_migrations"."version" FROM "schema_migrations" ORDER BY "schema_migrations"."version" ASC[0m
  ↳ /Users/learn/.rvm/gems/ruby-2.5.1/gems/rake-12.3.1/lib/rake/task.rb:271
Started GET "/" for 127.0.0.1 at 2018-11-26 10:48:17 -0800
Started GET "/favicon.ico" for 127.0.0.1 at 2018-11-26 10:48:17 -0800
  [1m[35m (0.1ms)[0m  [1m[34mSELECT "schema_migrations"."version" FROM "schema_migrations" ORDER BY "schema_migrations"."version" ASC[0m
  [1m[35m (0.1ms)[0m  [1m[34mSELECT "schema_migrations"."version" FROM "schema_migrations" ORDER BY "schema_migrations"."version" ASC[0m
  ↳ /Users/learn/.rvm/gems/ruby-2.5.1/gems/rack-cors-1.0.2/lib/rack/cors.rb:97
  ↳ /Users/learn/.rvm/gems/ruby-2.5.1/gems/rack-cors-1.0.2/lib/rack/cors.rb:97
  
ActionController::RoutingError (No route matches [GET] "/favicon.ico"):
  
actionpack (5.2.1) lib/action_dispatch/middleware/debug_exceptions.rb:65:in `call'
actionpack (5.2.1) lib/action_dispatch/middleware/show_exceptions.rb:33:in `call'
railties (5.2.1) lib/rails/rack/logger.rb:38:in `call_app'
railties (5.2.1) lib/rails/rack/logger.rb:26:in `block in call'
activesupport (5.2.1) lib/active_support/tagged_logging.rb:71:in `block in tagged'
activesupport (5.2.1) lib/active_support/tagged_logging.rb:28:in `tagged'
activesupport (5.2.1) lib/active_support/tagged_logging.rb:71:in `tagged'
railties (5.2.1) lib/rails/rack/logger.rb:26:in `call'
actionpack (5.2.1) lib/action_dispatch/middleware/remote_ip.rb:81:in `call'
actionpack (5.2.1) lib/action_dispatch/middleware/request_id.rb:27:in `call'
rack (2.0.6) lib/rack/runtime.rb:22:in `call'
activesupport (5.2.1) lib/active_support/cache/strategy/local_cache_middleware.rb:29:in `call'
actionpack (5.2.1) lib/action_dispatch/middleware/executor.rb:14:in `call'
actionpack (5.2.1) lib/action_dispatch/middleware/static.rb:127:in `call'
rack (2.0.6) lib/rack/sendfile.rb:111:in `call'
rack-cors (1.0.2) lib/rack/cors.rb:97:in `call'
railties (5.2.1) lib/rails/engine.rb:524:in `call'
puma (3.12.0) lib/puma/configuration.rb:225:in `call'
puma (3.12.0) lib/puma/server.rb:658:in `handle_request'
puma (3.12.0) lib/puma/server.rb:472:in `process_client'
puma (3.12.0) lib/puma/server.rb:332:in `block in run'
puma (3.12.0) lib/puma/thread_pool.rb:133:in `block in spawn_thread'
Processing by Rails::WelcomeController#index as HTML
  Rendering /Users/learn/.rvm/rubies/ruby-2.5.1/lib/ruby/gems/2.5.0/gems/railties-5.2.1/lib/rails/templates/rails/welcome/index.html.erb
  Rendered /Users/learn/.rvm/rubies/ruby-2.5.1/lib/ruby/gems/2.5.0/gems/railties-5.2.1/lib/rails/templates/rails/welcome/index.html.erb (2.5ms)
Completed 200 OK in 9ms (Views: 5.4ms | ActiveRecord: 0.0ms)


Started POST "/users" for ::1 at 2018-11-26 13:48:28 -0800
  [1m[35m (0.2ms)[0m  [1m[34mSELECT "schema_migrations"."version" FROM "schema_migrations" ORDER BY "schema_migrations"."version" ASC[0m
  ↳ /Users/learn/.rvm/gems/ruby-2.5.1/gems/rack-cors-1.0.2/lib/rack/cors.rb:97
Processing by Devise::RegistrationsController#create as JSON
  Parameters: {"user"=>{"firstName"=>"test", "lastName"=>"test1", "email"=>"test@example.com", "password"=>"[FILTERED]"}, "registration"=>{"user"=>{"firstName"=>"test", "lastName"=>"test1", "email"=>"test@example.com", "password"=>"[FILTERED]"}}}
Unpermitted parameters: :firstName, :lastName
  [1m[35m (0.1ms)[0m  [1m[36mbegin transaction[0m
  ↳ /Users/learn/.rvm/gems/ruby-2.5.1/gems/devise-4.5.0/app/controllers/devise/registrations_controller.rb:19
  [1m[36mUser Exists (0.2ms)[0m  [1m[34mSELECT  1 AS one FROM "users" WHERE "users"."email" = ? LIMIT ?[0m  [["email", "test@example.com"], ["LIMIT", 1]]
  ↳ /Users/learn/.rvm/gems/ruby-2.5.1/gems/devise-4.5.0/app/controllers/devise/registrations_controller.rb:19
  [1m[36mUser Create (0.5ms)[0m  [1m[32mINSERT INTO "users" ("email", "encrypted_password", "created_at", "updated_at", "jti") VALUES (?, ?, ?, ?, ?)[0m  [["email", "test@example.com"], ["encrypted_password", "$2a$11$na8xYodcY1LYZYfpPv5puOPAEPNGdgAxtGLJwaoO.WnhUXEffVo.."], ["created_at", "2018-11-26 21:48:28.680768"], ["updated_at", "2018-11-26 21:48:28.680768"], ["jti", "0987df5d-6de3-4f96-b1af-74722efdc73a"]]
  ↳ /Users/learn/.rvm/gems/ruby-2.5.1/gems/devise-4.5.0/app/controllers/devise/registrations_controller.rb:19
  [1m[35m (1.1ms)[0m  [1m[36mcommit transaction[0m
  ↳ /Users/learn/.rvm/gems/ruby-2.5.1/gems/devise-4.5.0/app/controllers/devise/registrations_controller.rb:19
Completed 201 Created in 159ms (Views: 0.5ms | ActiveRecord: 2.6ms)


Started POST "/users" for ::1 at 2018-11-26 13:49:06 -0800
Processing by Devise::RegistrationsController#create as JSON
  Parameters: {"user"=>{"firstName"=>"test", "lastName"=>"test1", "email"=>"test@example.com", "password"=>"[FILTERED]"}, "registration"=>{"user"=>{"firstName"=>"test", "lastName"=>"test1", "email"=>"test@example.com", "password"=>"[FILTERED]"}}}
Unpermitted parameters: :firstName, :lastName
  [1m[35m (0.1ms)[0m  [1m[36mbegin transaction[0m
  ↳ /Users/learn/.rvm/gems/ruby-2.5.1/gems/devise-4.5.0/app/controllers/devise/registrations_controller.rb:19
  [1m[36mUser Exists (0.2ms)[0m  [1m[34mSELECT  1 AS one FROM "users" WHERE "users"."email" = ? LIMIT ?[0m  [["email", "test@example.com"], ["LIMIT", 1]]
  ↳ /Users/learn/.rvm/gems/ruby-2.5.1/gems/devise-4.5.0/app/controllers/devise/registrations_controller.rb:19
  [1m[35m (0.1ms)[0m  [1m[31mrollback transaction[0m
  ↳ /Users/learn/.rvm/gems/ruby-2.5.1/gems/devise-4.5.0/app/controllers/devise/registrations_controller.rb:19
Completed 422 Unprocessable Entity in 147ms (Views: 0.1ms | ActiveRecord: 0.4ms)


Started POST "/users" for ::1 at 2018-11-26 13:49:26 -0800
Processing by Devise::RegistrationsController#create as JSON
  Parameters: {"user"=>{"firstName"=>"test2", "lastName"=>"test1", "email"=>"test@example.com", "password"=>"[FILTERED]"}, "registration"=>{"user"=>{"firstName"=>"test2", "lastName"=>"test1", "email"=>"test@example.com", "password"=>"[FILTERED]"}}}
Unpermitted parameters: :firstName, :lastName
  [1m[35m (0.1ms)[0m  [1m[36mbegin transaction[0m
  ↳ /Users/learn/.rvm/gems/ruby-2.5.1/gems/devise-4.5.0/app/controllers/devise/registrations_controller.rb:19
  [1m[36mUser Exists (0.2ms)[0m  [1m[34mSELECT  1 AS one FROM "users" WHERE "users"."email" = ? LIMIT ?[0m  [["email", "test@example.com"], ["LIMIT", 1]]
  ↳ /Users/learn/.rvm/gems/ruby-2.5.1/gems/devise-4.5.0/app/controllers/devise/registrations_controller.rb:19
  [1m[35m (0.1ms)[0m  [1m[31mrollback transaction[0m
  ↳ /Users/learn/.rvm/gems/ruby-2.5.1/gems/devise-4.5.0/app/controllers/devise/registrations_controller.rb:19
Completed 422 Unprocessable Entity in 139ms (Views: 0.1ms | ActiveRecord: 0.3ms)


Started POST "/users" for ::1 at 2018-11-26 13:49:47 -0800
Processing by Devise::RegistrationsController#create as JSON
  Parameters: {"user"=>{"firstName"=>"test2", "lastName"=>"asl;kjfksdfd", "email"=>"testdfdf@example.com", "password"=>"[FILTERED]"}, "registration"=>{"user"=>{"firstName"=>"test2", "lastName"=>"asl;kjfksdfd", "email"=>"testdfdf@example.com", "password"=>"[FILTERED]"}}}
Unpermitted parameters: :firstName, :lastName
  [1m[35m (0.1ms)[0m  [1m[36mbegin transaction[0m
  ↳ /Users/learn/.rvm/gems/ruby-2.5.1/gems/devise-4.5.0/app/controllers/devise/registrations_controller.rb:19
  [1m[36mUser Exists (0.2ms)[0m  [1m[34mSELECT  1 AS one FROM "users" WHERE "users"."email" = ? LIMIT ?[0m  [["email", "testdfdf@example.com"], ["LIMIT", 1]]
  ↳ /Users/learn/.rvm/gems/ruby-2.5.1/gems/devise-4.5.0/app/controllers/devise/registrations_controller.rb:19
  [1m[36mUser Create (0.4ms)[0m  [1m[32mINSERT INTO "users" ("email", "encrypted_password", "created_at", "updated_at", "jti") VALUES (?, ?, ?, ?, ?)[0m  [["email", "testdfdf@example.com"], ["encrypted_password", "$2a$11$mCyb.bTmYyWUwxxXGWZ4pu5mIURXLQRdAuD8726sbDANC4SIHWbRK"], ["created_at", "2018-11-26 21:49:47.736505"], ["updated_at", "2018-11-26 21:49:47.736505"], ["jti", "8b62ba4f-ee50-4da7-a107-c7e4b3f84b60"]]
  ↳ /Users/learn/.rvm/gems/ruby-2.5.1/gems/devise-4.5.0/app/controllers/devise/registrations_controller.rb:19
  [1m[35m (1.1ms)[0m  [1m[36mcommit transaction[0m
  ↳ /Users/learn/.rvm/gems/ruby-2.5.1/gems/devise-4.5.0/app/controllers/devise/registrations_controller.rb:19
Completed 201 Created in 141ms (Views: 0.4ms | ActiveRecord: 1.7ms)


Started POST "/users" for ::1 at 2018-11-26 13:56:07 -0800
Processing by Devise::RegistrationsController#create as JSON
  Parameters: {"user"=>{"firstName"=>"Janice", "lastName"=>"Zosa", "email"=>"janzosahyaaaaa@gmail.com", "password"=>"[FILTERED]"}, "registration"=>{"user"=>{"firstName"=>"Janice", "lastName"=>"Zosa", "email"=>"janzosahyaaaaa@gmail.com", "password"=>"[FILTERED]"}}}
Unpermitted parameters: :firstName, :lastName
  [1m[35m (0.1ms)[0m  [1m[36mbegin transaction[0m
  ↳ /Users/learn/.rvm/gems/ruby-2.5.1/gems/devise-4.5.0/app/controllers/devise/registrations_controller.rb:19
  [1m[36mUser Exists (0.3ms)[0m  [1m[34mSELECT  1 AS one FROM "users" WHERE "users"."email" = ? LIMIT ?[0m  [["email", "janzosahyaaaaa@gmail.com"], ["LIMIT", 1]]
  ↳ /Users/learn/.rvm/gems/ruby-2.5.1/gems/devise-4.5.0/app/controllers/devise/registrations_controller.rb:19
  [1m[36mUser Create (0.3ms)[0m  [1m[32mINSERT INTO "users" ("email", "encrypted_password", "created_at", "updated_at", "jti") VALUES (?, ?, ?, ?, ?)[0m  [["email", "janzosahyaaaaa@gmail.com"], ["encrypted_password", "$2a$11$R6yp3kMpcVmZydiJsc62Ce0MkOjxX0fsj7filO6z3pWW9F4Q7Qau2"], ["created_at", "2018-11-26 21:56:07.466972"], ["updated_at", "2018-11-26 21:56:07.466972"], ["jti", "d892a952-8702-4ecb-a9ce-5cf80e1c5924"]]
  ↳ /Users/learn/.rvm/gems/ruby-2.5.1/gems/devise-4.5.0/app/controllers/devise/registrations_controller.rb:19
  [1m[35m (1.1ms)[0m  [1m[36mcommit transaction[0m
  ↳ /Users/learn/.rvm/gems/ruby-2.5.1/gems/devise-4.5.0/app/controllers/devise/registrations_controller.rb:19
Completed 201 Created in 139ms (Views: 0.4ms | ActiveRecord: 1.8ms)


Started POST "/users" for ::1 at 2018-11-26 14:05:01 -0800
Processing by Devise::RegistrationsController#create as JSON
  Parameters: {"user"=>{"firstName"=>"test", "lastName"=>"test1", "email"=>"test@example.com", "password"=>"[FILTERED]"}, "registration"=>{"user"=>{"firstName"=>"test", "lastName"=>"test1", "email"=>"test@example.com", "password"=>"[FILTERED]"}}}
Unpermitted parameters: :firstName, :lastName
  [1m[35m (0.1ms)[0m  [1m[36mbegin transaction[0m
  ↳ /Users/learn/.rvm/gems/ruby-2.5.1/gems/devise-4.5.0/app/controllers/devise/registrations_controller.rb:19
  [1m[36mUser Exists (0.2ms)[0m  [1m[34mSELECT  1 AS one FROM "users" WHERE "users"."email" = ? LIMIT ?[0m  [["email", "test@example.com"], ["LIMIT", 1]]
  ↳ /Users/learn/.rvm/gems/ruby-2.5.1/gems/devise-4.5.0/app/controllers/devise/registrations_controller.rb:19
  [1m[35m (0.1ms)[0m  [1m[31mrollback transaction[0m
  ↳ /Users/learn/.rvm/gems/ruby-2.5.1/gems/devise-4.5.0/app/controllers/devise/registrations_controller.rb:19
Completed 422 Unprocessable Entity in 138ms (Views: 0.2ms | ActiveRecord: 0.3ms)


Started POST "/users" for ::1 at 2018-11-26 14:05:22 -0800
Processing by Devise::RegistrationsController#create as JSON
  Parameters: {"user"=>{"firstName"=>"YOOOO", "lastName"=>"YAAAAAS", "email"=>"12@gmail.com", "password"=>"[FILTERED]"}, "registration"=>{"user"=>{"firstName"=>"YOOOO", "lastName"=>"YAAAAAS", "email"=>"12@gmail.com", "password"=>"[FILTERED]"}}}
Unpermitted parameters: :firstName, :lastName
  [1m[35m (0.1ms)[0m  [1m[36mbegin transaction[0m
  ↳ /Users/learn/.rvm/gems/ruby-2.5.1/gems/devise-4.5.0/app/controllers/devise/registrations_controller.rb:19
  [1m[36mUser Exists (0.2ms)[0m  [1m[34mSELECT  1 AS one FROM "users" WHERE "users"."email" = ? LIMIT ?[0m  [["email", "12@gmail.com"], ["LIMIT", 1]]
  ↳ /Users/learn/.rvm/gems/ruby-2.5.1/gems/devise-4.5.0/app/controllers/devise/registrations_controller.rb:19
  [1m[35m (0.1ms)[0m  [1m[31mrollback transaction[0m
  ↳ /Users/learn/.rvm/gems/ruby-2.5.1/gems/devise-4.5.0/app/controllers/devise/registrations_controller.rb:19
Completed 422 Unprocessable Entity in 139ms (Views: 0.1ms | ActiveRecord: 0.3ms)


Started POST "/users" for ::1 at 2018-11-26 14:05:48 -0800
Processing by Devise::RegistrationsController#create as JSON
  Parameters: {"user"=>{"firstName"=>"test32334", "lastName"=>"test14234", "email"=>"te4234243st@example.com", "password"=>"[FILTERED]"}, "registration"=>{"user"=>{"firstName"=>"test32334", "lastName"=>"test14234", "email"=>"te4234243st@example.com", "password"=>"[FILTERED]"}}}
Unpermitted parameters: :firstName, :lastName
  [1m[35m (0.1ms)[0m  [1m[36mbegin transaction[0m
  ↳ /Users/learn/.rvm/gems/ruby-2.5.1/gems/devise-4.5.0/app/controllers/devise/registrations_controller.rb:19
  [1m[36mUser Exists (0.2ms)[0m  [1m[34mSELECT  1 AS one FROM "users" WHERE "users"."email" = ? LIMIT ?[0m  [["email", "te4234243st@example.com"], ["LIMIT", 1]]
  ↳ /Users/learn/.rvm/gems/ruby-2.5.1/gems/devise-4.5.0/app/controllers/devise/registrations_controller.rb:19
  [1m[36mUser Create (0.4ms)[0m  [1m[32mINSERT INTO "users" ("email", "encrypted_password", "created_at", "updated_at", "jti") VALUES (?, ?, ?, ?, ?)[0m  [["email", "te4234243st@example.com"], ["encrypted_password", "$2a$11$IKpAVlbacbRPzojfeuIERu3jIoB0T273UnKE0siPHCRl9XyN.3ML6"], ["created_at", "2018-11-26 22:05:48.889540"], ["updated_at", "2018-11-26 22:05:48.889540"], ["jti", "44c424f6-0514-486e-a692-3be0ae3b0310"]]
  ↳ /Users/learn/.rvm/gems/ruby-2.5.1/gems/devise-4.5.0/app/controllers/devise/registrations_controller.rb:19
  [1m[35m (1.1ms)[0m  [1m[36mcommit transaction[0m
  ↳ /Users/learn/.rvm/gems/ruby-2.5.1/gems/devise-4.5.0/app/controllers/devise/registrations_controller.rb:19
Completed 201 Created in 141ms (Views: 0.4ms | ActiveRecord: 1.7ms)


Started POST "/users" for ::1 at 2018-11-26 14:20:29 -0800
Processing by Devise::RegistrationsController#create as JSON
  Parameters: {"user"=>{"email"=>"test@example.com", "password"=>"[FILTERED]"}, "registration"=>{"user"=>{"email"=>"test@example.com", "password"=>"[FILTERED]"}}}
  [1m[35m (0.1ms)[0m  [1m[36mbegin transaction[0m
  ↳ /Users/learn/.rvm/gems/ruby-2.5.1/gems/devise-4.5.0/app/controllers/devise/registrations_controller.rb:19
  [1m[36mUser Exists (0.2ms)[0m  [1m[34mSELECT  1 AS one FROM "users" WHERE "users"."email" = ? LIMIT ?[0m  [["email", "test@example.com"], ["LIMIT", 1]]
  ↳ /Users/learn/.rvm/gems/ruby-2.5.1/gems/devise-4.5.0/app/controllers/devise/registrations_controller.rb:19
  [1m[35m (0.0ms)[0m  [1m[31mrollback transaction[0m
  ↳ /Users/learn/.rvm/gems/ruby-2.5.1/gems/devise-4.5.0/app/controllers/devise/registrations_controller.rb:19
Completed 422 Unprocessable Entity in 138ms (Views: 0.1ms | ActiveRecord: 0.3ms)


Started POST "/users" for ::1 at 2018-11-26 14:21:17 -0800
Processing by Devise::RegistrationsController#create as JSON
  Parameters: {"user"=>{"email"=>"test@example.com", "password"=>"[FILTERED]"}, "registration"=>{"user"=>{"email"=>"test@example.com", "password"=>"[FILTERED]"}}}
  [1m[35m (0.1ms)[0m  [1m[36mbegin transaction[0m
  ↳ /Users/learn/.rvm/gems/ruby-2.5.1/gems/devise-4.5.0/app/controllers/devise/registrations_controller.rb:19
  [1m[36mUser Exists (0.2ms)[0m  [1m[34mSELECT  1 AS one FROM "users" WHERE "users"."email" = ? LIMIT ?[0m  [["email", "test@example.com"], ["LIMIT", 1]]
  ↳ /Users/learn/.rvm/gems/ruby-2.5.1/gems/devise-4.5.0/app/controllers/devise/registrations_controller.rb:19
  [1m[35m (0.1ms)[0m  [1m[31mrollback transaction[0m
  ↳ /Users/learn/.rvm/gems/ruby-2.5.1/gems/devise-4.5.0/app/controllers/devise/registrations_controller.rb:19
Completed 422 Unprocessable Entity in 139ms (Views: 0.1ms | ActiveRecord: 0.3ms)


Started POST "/users" for ::1 at 2018-11-26 14:21:21 -0800
Processing by Devise::RegistrationsController#create as JSON
  Parameters: {"user"=>{"email"=>"test@example.com", "password"=>"[FILTERED]"}, "registration"=>{"user"=>{"email"=>"test@example.com", "password"=>"[FILTERED]"}}}
  [1m[35m (0.1ms)[0m  [1m[36mbegin transaction[0m
  ↳ /Users/learn/.rvm/gems/ruby-2.5.1/gems/devise-4.5.0/app/controllers/devise/registrations_controller.rb:19
  [1m[36mUser Exists (0.2ms)[0m  [1m[34mSELECT  1 AS one FROM "users" WHERE "users"."email" = ? LIMIT ?[0m  [["email", "test@example.com"], ["LIMIT", 1]]
  ↳ /Users/learn/.rvm/gems/ruby-2.5.1/gems/devise-4.5.0/app/controllers/devise/registrations_controller.rb:19
  [1m[35m (0.1ms)[0m  [1m[31mrollback transaction[0m
  ↳ /Users/learn/.rvm/gems/ruby-2.5.1/gems/devise-4.5.0/app/controllers/devise/registrations_controller.rb:19
Completed 422 Unprocessable Entity in 141ms (Views: 0.1ms | ActiveRecord: 0.4ms)


Started POST "/users" for ::1 at 2018-11-26 14:22:16 -0800
Processing by Devise::RegistrationsController#create as JSON
  Parameters: {"email"=>"test@example.com", "password"=>"[FILTERED]", "registration"=>{"email"=>"test@example.com", "password"=>"[FILTERED]"}}
  [1m[35m (0.1ms)[0m  [1m[36mbegin transaction[0m
  ↳ /Users/learn/.rvm/gems/ruby-2.5.1/gems/devise-4.5.0/app/controllers/devise/registrations_controller.rb:19
  [1m[35m (0.1ms)[0m  [1m[31mrollback transaction[0m
  ↳ /Users/learn/.rvm/gems/ruby-2.5.1/gems/devise-4.5.0/app/controllers/devise/registrations_controller.rb:19
Completed 422 Unprocessable Entity in 3ms (Views: 0.3ms | ActiveRecord: 0.1ms)


Started GET "/" for ::1 at 2018-11-26 14:23:43 -0800
Started GET "/static/js/bundle.js" for ::1 at 2018-11-26 14:23:43 -0800
  
ActionController::RoutingError (No route matches [GET] "/static/js/bundle.js"):
  
actionpack (5.2.1) lib/action_dispatch/middleware/debug_exceptions.rb:65:in `call'
actionpack (5.2.1) lib/action_dispatch/middleware/show_exceptions.rb:33:in `call'
railties (5.2.1) lib/rails/rack/logger.rb:38:in `call_app'
railties (5.2.1) lib/rails/rack/logger.rb:26:in `block in call'
activesupport (5.2.1) lib/active_support/tagged_logging.rb:71:in `block in tagged'
activesupport (5.2.1) lib/active_support/tagged_logging.rb:28:in `tagged'
activesupport (5.2.1) lib/active_support/tagged_logging.rb:71:in `tagged'
railties (5.2.1) lib/rails/rack/logger.rb:26:in `call'
actionpack (5.2.1) lib/action_dispatch/middleware/remote_ip.rb:81:in `call'
actionpack (5.2.1) lib/action_dispatch/middleware/request_id.rb:27:in `call'
rack (2.0.6) lib/rack/runtime.rb:22:in `call'
activesupport (5.2.1) lib/active_support/cache/strategy/local_cache_middleware.rb:29:in `call'
actionpack (5.2.1) lib/action_dispatch/middleware/executor.rb:14:in `call'
actionpack (5.2.1) lib/action_dispatch/middleware/static.rb:127:in `call'
rack (2.0.6) lib/rack/sendfile.rb:111:in `call'
rack-cors (1.0.2) lib/rack/cors.rb:97:in `call'
railties (5.2.1) lib/rails/engine.rb:524:in `call'
puma (3.12.0) lib/puma/configuration.rb:225:in `call'
puma (3.12.0) lib/puma/server.rb:658:in `handle_request'
puma (3.12.0) lib/puma/server.rb:472:in `process_client'
puma (3.12.0) lib/puma/server.rb:332:in `block in run'
puma (3.12.0) lib/puma/thread_pool.rb:133:in `block in spawn_thread'
Processing by Rails::WelcomeController#index as HTML
Started GET "/static/js/main.chunk.js" for ::1 at 2018-11-26 14:23:43 -0800
Started GET "/bootstrap.min.css" for ::1 at 2018-11-26 14:23:43 -0800
  Rendering /Users/learn/.rvm/rubies/ruby-2.5.1/lib/ruby/gems/2.5.0/gems/railties-5.2.1/lib/rails/templates/rails/welcome/index.html.erb
  Rendered /Users/learn/.rvm/rubies/ruby-2.5.1/lib/ruby/gems/2.5.0/gems/railties-5.2.1/lib/rails/templates/rails/welcome/index.html.erb (4.3ms)
Completed 200 OK in 14ms (Views: 9.6ms | ActiveRecord: 0.0ms)


  
ActionController::RoutingError (No route matches [GET] "/static/js/main.chunk.js"):
  
  
actionpack (5.2.1) lib/action_dispatch/middleware/debug_exceptions.rb:65:in `call'
actionpack (5.2.1) lib/action_dispatch/middleware/show_exceptions.rb:33:in `call'
railties (5.2.1) lib/rails/rack/logger.rb:38:in `call_app'
railties (5.2.1) lib/rails/rack/logger.rb:26:in `block in call'
activesupport (5.2.1) lib/active_support/tagged_logging.rb:71:in `block in tagged'
activesupport (5.2.1) lib/active_support/tagged_logging.rb:28:in `tagged'
activesupport (5.2.1) lib/active_support/tagged_logging.rb:71:in `tagged'
railties (5.2.1) lib/rails/rack/logger.rb:26:in `call'
actionpack (5.2.1) lib/action_dispatch/middleware/remote_ip.rb:81:in `call'
actionpack (5.2.1) lib/action_dispatch/middleware/request_id.rb:27:in `call'
rack (2.0.6) lib/rack/runtime.rb:22:in `call'
activesupport (5.2.1) lib/active_support/cache/strategy/local_cache_middleware.rb:29:in `call'
actionpack (5.2.1) lib/action_dispatch/middleware/executor.rb:14:in `call'
actionpack (5.2.1) lib/action_dispatch/middleware/static.rb:127:in `call'
rack (2.0.6) lib/rack/sendfile.rb:111:in `call'
rack-cors (1.0.2) lib/rack/cors.rb:97:in `call'
railties (5.2.1) lib/rails/engine.rb:524:in `call'
puma (3.12.0) lib/puma/configuration.rb:225:in `call'
puma (3.12.0) lib/puma/server.rb:658:in `handle_request'
puma (3.12.0) lib/puma/server.rb:472:in `process_client'
puma (3.12.0) lib/puma/server.rb:332:in `block in run'
puma (3.12.0) lib/puma/thread_pool.rb:133:in `block in spawn_thread'
ActionController::RoutingError (No route matches [GET] "/bootstrap.min.css"):
  
actionpack (5.2.1) lib/action_dispatch/middleware/debug_exceptions.rb:65:in `call'
actionpack (5.2.1) lib/action_dispatch/middleware/show_exceptions.rb:33:in `call'
railties (5.2.1) lib/rails/rack/logger.rb:38:in `call_app'
railties (5.2.1) lib/rails/rack/logger.rb:26:in `block in call'
activesupport (5.2.1) lib/active_support/tagged_logging.rb:71:in `block in tagged'
activesupport (5.2.1) lib/active_support/tagged_logging.rb:28:in `tagged'
activesupport (5.2.1) lib/active_support/tagged_logging.rb:71:in `tagged'
railties (5.2.1) lib/rails/rack/logger.rb:26:in `call'
actionpack (5.2.1) lib/action_dispatch/middleware/remote_ip.rb:81:in `call'
actionpack (5.2.1) lib/action_dispatch/middleware/request_id.rb:27:in `call'
rack (2.0.6) lib/rack/runtime.rb:22:in `call'
activesupport (5.2.1) lib/active_support/cache/strategy/local_cache_middleware.rb:29:in `call'
actionpack (5.2.1) lib/action_dispatch/middleware/executor.rb:14:in `call'
actionpack (5.2.1) lib/action_dispatch/middleware/static.rb:127:in `call'
rack (2.0.6) lib/rack/sendfile.rb:111:in `call'
rack-cors (1.0.2) lib/rack/cors.rb:97:in `call'
railties (5.2.1) lib/rails/engine.rb:524:in `call'
puma (3.12.0) lib/puma/configuration.rb:225:in `call'
puma (3.12.0) lib/puma/server.rb:658:in `handle_request'
puma (3.12.0) lib/puma/server.rb:472:in `process_client'
puma (3.12.0) lib/puma/server.rb:332:in `block in run'
puma (3.12.0) lib/puma/thread_pool.rb:133:in `block in spawn_thread'
Started GET "/static/js/0.chunk.js" for ::1 at 2018-11-26 14:23:43 -0800
  
ActionController::RoutingError (No route matches [GET] "/static/js/0.chunk.js"):
  
actionpack (5.2.1) lib/action_dispatch/middleware/debug_exceptions.rb:65:in `call'
actionpack (5.2.1) lib/action_dispatch/middleware/show_exceptions.rb:33:in `call'
railties (5.2.1) lib/rails/rack/logger.rb:38:in `call_app'
railties (5.2.1) lib/rails/rack/logger.rb:26:in `block in call'
activesupport (5.2.1) lib/active_support/tagged_logging.rb:71:in `block in tagged'
activesupport (5.2.1) lib/active_support/tagged_logging.rb:28:in `tagged'
activesupport (5.2.1) lib/active_support/tagged_logging.rb:71:in `tagged'
railties (5.2.1) lib/rails/rack/logger.rb:26:in `call'
actionpack (5.2.1) lib/action_dispatch/middleware/remote_ip.rb:81:in `call'
actionpack (5.2.1) lib/action_dispatch/middleware/request_id.rb:27:in `call'
rack (2.0.6) lib/rack/runtime.rb:22:in `call'
activesupport (5.2.1) lib/active_support/cache/strategy/local_cache_middleware.rb:29:in `call'
actionpack (5.2.1) lib/action_dispatch/middleware/executor.rb:14:in `call'
actionpack (5.2.1) lib/action_dispatch/middleware/static.rb:127:in `call'
rack (2.0.6) lib/rack/sendfile.rb:111:in `call'
rack-cors (1.0.2) lib/rack/cors.rb:97:in `call'
railties (5.2.1) lib/rails/engine.rb:524:in `call'
puma (3.12.0) lib/puma/configuration.rb:225:in `call'
puma (3.12.0) lib/puma/server.rb:658:in `handle_request'
puma (3.12.0) lib/puma/server.rb:472:in `process_client'
puma (3.12.0) lib/puma/server.rb:332:in `block in run'
puma (3.12.0) lib/puma/thread_pool.rb:133:in `block in spawn_thread'
Started GET "/favicon.ico" for ::1 at 2018-11-26 14:23:43 -0800
  
ActionController::RoutingError (No route matches [GET] "/favicon.ico"):
  
actionpack (5.2.1) lib/action_dispatch/middleware/debug_exceptions.rb:65:in `call'
actionpack (5.2.1) lib/action_dispatch/middleware/show_exceptions.rb:33:in `call'
railties (5.2.1) lib/rails/rack/logger.rb:38:in `call_app'
railties (5.2.1) lib/rails/rack/logger.rb:26:in `block in call'
activesupport (5.2.1) lib/active_support/tagged_logging.rb:71:in `block in tagged'
activesupport (5.2.1) lib/active_support/tagged_logging.rb:28:in `tagged'
activesupport (5.2.1) lib/active_support/tagged_logging.rb:71:in `tagged'
railties (5.2.1) lib/rails/rack/logger.rb:26:in `call'
actionpack (5.2.1) lib/action_dispatch/middleware/remote_ip.rb:81:in `call'
actionpack (5.2.1) lib/action_dispatch/middleware/request_id.rb:27:in `call'
rack (2.0.6) lib/rack/runtime.rb:22:in `call'
activesupport (5.2.1) lib/active_support/cache/strategy/local_cache_middleware.rb:29:in `call'
actionpack (5.2.1) lib/action_dispatch/middleware/executor.rb:14:in `call'
actionpack (5.2.1) lib/action_dispatch/middleware/static.rb:127:in `call'
rack (2.0.6) lib/rack/sendfile.rb:111:in `call'
rack-cors (1.0.2) lib/rack/cors.rb:97:in `call'
railties (5.2.1) lib/rails/engine.rb:524:in `call'
puma (3.12.0) lib/puma/configuration.rb:225:in `call'
puma (3.12.0) lib/puma/server.rb:658:in `handle_request'
puma (3.12.0) lib/puma/server.rb:472:in `process_client'
puma (3.12.0) lib/puma/server.rb:332:in `block in run'
puma (3.12.0) lib/puma/thread_pool.rb:133:in `block in spawn_thread'
Started GET "/" for ::1 at 2018-11-26 14:23:45 -0800
Processing by Rails::WelcomeController#index as HTML
  Rendering /Users/learn/.rvm/rubies/ruby-2.5.1/lib/ruby/gems/2.5.0/gems/railties-5.2.1/lib/rails/templates/rails/welcome/index.html.erb
  Rendered /Users/learn/.rvm/rubies/ruby-2.5.1/lib/ruby/gems/2.5.0/gems/railties-5.2.1/lib/rails/templates/rails/welcome/index.html.erb (2.8ms)
Completed 200 OK in 8ms (Views: 5.5ms | ActiveRecord: 0.0ms)


Started GET "/" for ::1 at 2018-11-26 14:23:57 -0800
Processing by Rails::WelcomeController#index as HTML
  Rendering /Users/learn/.rvm/rubies/ruby-2.5.1/lib/ruby/gems/2.5.0/gems/railties-5.2.1/lib/rails/templates/rails/welcome/index.html.erb
  Rendered /Users/learn/.rvm/rubies/ruby-2.5.1/lib/ruby/gems/2.5.0/gems/railties-5.2.1/lib/rails/templates/rails/welcome/index.html.erb (2.8ms)
Completed 200 OK in 9ms (Views: 5.6ms | ActiveRecord: 0.0ms)


Started GET "/users" for ::1 at 2018-11-26 14:23:59 -0800
  
ActionController::RoutingError (No route matches [GET] "/users"):
  
actionpack (5.2.1) lib/action_dispatch/middleware/debug_exceptions.rb:65:in `call'
actionpack (5.2.1) lib/action_dispatch/middleware/show_exceptions.rb:33:in `call'
railties (5.2.1) lib/rails/rack/logger.rb:38:in `call_app'
railties (5.2.1) lib/rails/rack/logger.rb:26:in `block in call'
activesupport (5.2.1) lib/active_support/tagged_logging.rb:71:in `block in tagged'
activesupport (5.2.1) lib/active_support/tagged_logging.rb:28:in `tagged'
activesupport (5.2.1) lib/active_support/tagged_logging.rb:71:in `tagged'
railties (5.2.1) lib/rails/rack/logger.rb:26:in `call'
actionpack (5.2.1) lib/action_dispatch/middleware/remote_ip.rb:81:in `call'
actionpack (5.2.1) lib/action_dispatch/middleware/request_id.rb:27:in `call'
rack (2.0.6) lib/rack/runtime.rb:22:in `call'
activesupport (5.2.1) lib/active_support/cache/strategy/local_cache_middleware.rb:29:in `call'
actionpack (5.2.1) lib/action_dispatch/middleware/executor.rb:14:in `call'
actionpack (5.2.1) lib/action_dispatch/middleware/static.rb:127:in `call'
rack (2.0.6) lib/rack/sendfile.rb:111:in `call'
rack-cors (1.0.2) lib/rack/cors.rb:97:in `call'
railties (5.2.1) lib/rails/engine.rb:524:in `call'
puma (3.12.0) lib/puma/configuration.rb:225:in `call'
puma (3.12.0) lib/puma/server.rb:658:in `handle_request'
puma (3.12.0) lib/puma/server.rb:472:in `process_client'
puma (3.12.0) lib/puma/server.rb:332:in `block in run'
puma (3.12.0) lib/puma/thread_pool.rb:133:in `block in spawn_thread'
Started GET "/favicon.ico" for ::1 at 2018-11-26 14:24:00 -0800
  
ActionController::RoutingError (No route matches [GET] "/favicon.ico"):
  
actionpack (5.2.1) lib/action_dispatch/middleware/debug_exceptions.rb:65:in `call'
actionpack (5.2.1) lib/action_dispatch/middleware/show_exceptions.rb:33:in `call'
railties (5.2.1) lib/rails/rack/logger.rb:38:in `call_app'
railties (5.2.1) lib/rails/rack/logger.rb:26:in `block in call'
activesupport (5.2.1) lib/active_support/tagged_logging.rb:71:in `block in tagged'
activesupport (5.2.1) lib/active_support/tagged_logging.rb:28:in `tagged'
activesupport (5.2.1) lib/active_support/tagged_logging.rb:71:in `tagged'
railties (5.2.1) lib/rails/rack/logger.rb:26:in `call'
actionpack (5.2.1) lib/action_dispatch/middleware/remote_ip.rb:81:in `call'
actionpack (5.2.1) lib/action_dispatch/middleware/request_id.rb:27:in `call'
rack (2.0.6) lib/rack/runtime.rb:22:in `call'
activesupport (5.2.1) lib/active_support/cache/strategy/local_cache_middleware.rb:29:in `call'
actionpack (5.2.1) lib/action_dispatch/middleware/executor.rb:14:in `call'
actionpack (5.2.1) lib/action_dispatch/middleware/static.rb:127:in `call'
rack (2.0.6) lib/rack/sendfile.rb:111:in `call'
rack-cors (1.0.2) lib/rack/cors.rb:97:in `call'
railties (5.2.1) lib/rails/engine.rb:524:in `call'
puma (3.12.0) lib/puma/configuration.rb:225:in `call'
puma (3.12.0) lib/puma/server.rb:658:in `handle_request'
puma (3.12.0) lib/puma/server.rb:472:in `process_client'
puma (3.12.0) lib/puma/server.rb:332:in `block in run'
puma (3.12.0) lib/puma/thread_pool.rb:133:in `block in spawn_thread'
  [1m[36mUser Load (0.5ms)[0m  [1m[34mSELECT  "users".* FROM "users" LIMIT ?[0m  [["LIMIT", 11]]
Started POST "/users/sign_in" for ::1 at 2018-11-26 14:32:56 -0800
Processing by Devise::SessionsController#create as JSON
  Parameters: {"email"=>"test@example.com", "password"=>"[FILTERED]", "session"=>{"email"=>"test@example.com", "password"=>"[FILTERED]"}}
Completed 401 Unauthorized in 1ms (ActiveRecord: 0.0ms)


Started POST "/users/sign_in" for ::1 at 2018-11-26 14:33:39 -0800
Processing by Devise::SessionsController#create as JSON
  Parameters: {"email"=>"test@example.com", "password"=>"[FILTERED]", "session"=>{"email"=>"test@example.com", "password"=>"[FILTERED]"}}
Completed 401 Unauthorized in 0ms (ActiveRecord: 0.0ms)


Started POST "/users/sign_in" for ::1 at 2018-11-26 14:41:17 -0800
Processing by Devise::SessionsController#create as JSON
  Parameters: {"email"=>"test@example.com", "password"=>"[FILTERED]", "session"=>{"email"=>"test@example.com", "password"=>"[FILTERED]"}}
Completed 401 Unauthorized in 1ms (ActiveRecord: 0.0ms)


Started POST "/users/sign_in" for ::1 at 2018-11-26 14:43:13 -0800
Processing by Devise::SessionsController#create as JSON
  Parameters: {"email"=>"test@example.com", "password"=>"[FILTERED]", "session"=>{"email"=>"test@example.com", "password"=>"[FILTERED]"}}
Completed 401 Unauthorized in 0ms (ActiveRecord: 0.0ms)


Started POST "/users/sign_in" for ::1 at 2018-11-26 14:45:06 -0800
Processing by Devise::SessionsController#create as JSON
  Parameters: {"email"=>"test@example.com", "password"=>"[FILTERED]", "session"=>{"email"=>"test@example.com", "password"=>"[FILTERED]"}}
Completed 401 Unauthorized in 1ms (ActiveRecord: 0.0ms)


Started POST "/users/sign_in" for ::1 at 2018-11-26 14:50:58 -0800
Processing by Devise::SessionsController#create as JSON
  Parameters: {"_json"=>"test@example.com", "session"=>{"_json"=>"test@example.com"}}
Completed 401 Unauthorized in 1ms (ActiveRecord: 0.0ms)


Started POST "/users/sign_in" for ::1 at 2018-11-26 14:52:02 -0800
Processing by Devise::SessionsController#create as JSON
  Parameters: {"_json"=>"test@example.com", "session"=>{"_json"=>"test@example.com"}}
Completed 401 Unauthorized in 1ms (ActiveRecord: 0.0ms)


Started POST "/users/sign_in" for ::1 at 2018-11-26 15:01:52 -0800
Processing by Devise::SessionsController#create as JSON
  Parameters: {"_json"=>"test@example.com", "session"=>{"_json"=>"test@example.com"}}
Completed 401 Unauthorized in 0ms (ActiveRecord: 0.0ms)


Started POST "/users/sign_in" for ::1 at 2018-11-26 15:02:10 -0800
Processing by Devise::SessionsController#create as JSON
  Parameters: {"_json"=>"test@example.com", "session"=>{"_json"=>"test@example.com"}}
Completed 401 Unauthorized in 1ms (ActiveRecord: 0.0ms)


Started POST "/users/sign_in" for ::1 at 2018-11-26 15:15:37 -0800
Processing by Devise::SessionsController#create as JSON
  Parameters: {"_json"=>"test@example.com", "session"=>{"_json"=>"test@example.com"}}
Completed 401 Unauthorized in 0ms (ActiveRecord: 0.0ms)


Started POST "/users" for ::1 at 2018-11-26 15:17:36 -0800
Processing by Devise::RegistrationsController#create as JSON
  Parameters: {"user"=>{"firstName"=>"Person", "lastName"=>"Last", "email"=>"user@yahoo.com", "password"=>"[FILTERED]"}, "registration"=>{"user"=>{"firstName"=>"Person", "lastName"=>"Last", "email"=>"user@yahoo.com", "password"=>"[FILTERED]"}}}
Unpermitted parameters: :firstName, :lastName
  [1m[35m (0.1ms)[0m  [1m[36mbegin transaction[0m
  ↳ /Users/learn/.rvm/gems/ruby-2.5.1/gems/devise-4.5.0/app/controllers/devise/registrations_controller.rb:19
  [1m[36mUser Exists (0.2ms)[0m  [1m[34mSELECT  1 AS one FROM "users" WHERE "users"."email" = ? LIMIT ?[0m  [["email", "user@yahoo.com"], ["LIMIT", 1]]
  ↳ /Users/learn/.rvm/gems/ruby-2.5.1/gems/devise-4.5.0/app/controllers/devise/registrations_controller.rb:19
  [1m[36mUser Create (0.4ms)[0m  [1m[32mINSERT INTO "users" ("email", "encrypted_password", "created_at", "updated_at", "jti") VALUES (?, ?, ?, ?, ?)[0m  [["email", "user@yahoo.com"], ["encrypted_password", "$2a$11$uAzmaizfZIDJ6K2TgOLohex13ZYnWg0zg2w6LzAx2RlXBqtMKbyWW"], ["created_at", "2018-11-26 23:17:36.609624"], ["updated_at", "2018-11-26 23:17:36.609624"], ["jti", "1b8968c8-b1b2-4137-b091-b69486b75934"]]
  ↳ /Users/learn/.rvm/gems/ruby-2.5.1/gems/devise-4.5.0/app/controllers/devise/registrations_controller.rb:19
  [1m[35m (541.5ms)[0m  [1m[36mcommit transaction[0m
  ↳ /Users/learn/.rvm/gems/ruby-2.5.1/gems/devise-4.5.0/app/controllers/devise/registrations_controller.rb:19
Completed 201 Created in 682ms (Views: 0.3ms | ActiveRecord: 542.1ms)


Started POST "/users" for ::1 at 2018-11-26 15:17:41 -0800
Processing by Devise::RegistrationsController#create as JSON
  Parameters: {"user"=>{"firstName"=>"test", "lastName"=>"test1", "email"=>"test@example.com", "password"=>"[FILTERED]"}, "registration"=>{"user"=>{"firstName"=>"test", "lastName"=>"test1", "email"=>"test@example.com", "password"=>"[FILTERED]"}}}
Unpermitted parameters: :firstName, :lastName
  [1m[35m (0.1ms)[0m  [1m[36mbegin transaction[0m
  ↳ /Users/learn/.rvm/gems/ruby-2.5.1/gems/devise-4.5.0/app/controllers/devise/registrations_controller.rb:19
  [1m[36mUser Exists (0.2ms)[0m  [1m[34mSELECT  1 AS one FROM "users" WHERE "users"."email" = ? LIMIT ?[0m  [["email", "test@example.com"], ["LIMIT", 1]]
  ↳ /Users/learn/.rvm/gems/ruby-2.5.1/gems/devise-4.5.0/app/controllers/devise/registrations_controller.rb:19
  [1m[35m (0.0ms)[0m  [1m[31mrollback transaction[0m
  ↳ /Users/learn/.rvm/gems/ruby-2.5.1/gems/devise-4.5.0/app/controllers/devise/registrations_controller.rb:19
Completed 422 Unprocessable Entity in 139ms (Views: 0.1ms | ActiveRecord: 0.3ms)


Started POST "/users/sign_in" for ::1 at 2018-11-26 15:20:22 -0800
Processing by Devise::SessionsController#create as JSON
  Parameters: {"_json"=>"test@example.com", "session"=>{"_json"=>"test@example.com"}}
Completed 401 Unauthorized in 1ms (ActiveRecord: 0.0ms)


Started POST "/users/sign_in" for ::1 at 2018-11-26 15:22:52 -0800
Processing by Devise::SessionsController#create as JSON
  Parameters: {"_json"=>"test@example.com", "session"=>{"_json"=>"test@example.com"}}
Completed 401 Unauthorized in 1ms (ActiveRecord: 0.0ms)


Started POST "/users/sign_in" for ::1 at 2018-11-26 16:01:31 -0800
Processing by Devise::SessionsController#create as JSON
  Parameters: {"user"=>{"email"=>"test@example.com", "password"=>"[FILTERED]"}, "session"=>{"user"=>{"email"=>"test@example.com", "password"=>"[FILTERED]"}}}
  [1m[36mUser Load (0.2ms)[0m  [1m[34mSELECT  "users".* FROM "users" WHERE "users"."email" = ? ORDER BY "users"."id" ASC LIMIT ?[0m  [["email", "test@example.com"], ["LIMIT", 1]]
  ↳ /Users/learn/.rvm/gems/ruby-2.5.1/gems/orm_adapter-0.5.0/lib/orm_adapter/adapters/active_record.rb:22
Completed 201 Created in 183ms (Views: 0.4ms | ActiveRecord: 0.2ms)


